2020-08-27 18:44:32.962  [SpringApplication.java:651] INFO  com.gxhh.cloudclient.CloudClientApplicationTests - No active profile set, falling back to default profiles: default
2020-08-27 18:44:33.712  [Logger.java:44] WARN  org.mybatis.spring.mapper.ClassPathMapperScanner - No MyBatis mapper was found in '[com.gxhh.cloudclient]' package. Please check your configuration.
2020-08-27 18:44:33.895  [GenericScope.java:295] INFO  o.springframework.cloud.context.scope.GenericScope - BeanFactory id=2b9258b8-67ab-37ce-8843-0570c674e62e
2020-08-27 18:44:33.970  [PostProcessorRegistrationDelegate.java:335] INFO  o.s.c.s.PostProcessorRegistrationDelegate$BeanPostProcessorChecker - Bean 'com.gxhh.cloudclient.service.UserService' of type [org.springframework.cloud.openfeign.FeignClientFactoryBean] is not eligible for getting processed by all BeanPostProcessors (for example: not eligible for auto-proxying)
2020-08-27 18:44:35.716  [URLConfigurationSource.java:121] WARN  com.netflix.config.sources.URLConfigurationSource - No URLs will be polled as dynamic configuration sources.
2020-08-27 18:44:35.718  [URLConfigurationSource.java:122] INFO  com.netflix.config.sources.URLConfigurationSource - To enable URLs as dynamic configuration sources, define System property archaius.configurationSource.additionalUrls or make config.properties available on classpath.
2020-08-27 18:44:35.731  [URLConfigurationSource.java:121] WARN  com.netflix.config.sources.URLConfigurationSource - No URLs will be polled as dynamic configuration sources.
2020-08-27 18:44:35.732  [URLConfigurationSource.java:122] INFO  com.netflix.config.sources.URLConfigurationSource - To enable URLs as dynamic configuration sources, define System property archaius.configurationSource.additionalUrls or make config.properties available on classpath.
2020-08-27 18:44:36.234  [ExecutorConfigurationSupport.java:181] INFO  o.s.scheduling.concurrent.ThreadPoolTaskExecutor - Initializing ExecutorService 'applicationTaskExecutor'
2020-08-27 18:44:36.665  [ExecutorConfigurationSupport.java:181] INFO  o.s.scheduling.concurrent.ThreadPoolTaskScheduler - Initializing ExecutorService 'Nacso-Watch-Task-Scheduler'
2020-08-27 18:44:37.584  [StartupInfoLogger.java:61] INFO  com.gxhh.cloudclient.CloudClientApplicationTests - Started CloudClientApplicationTests in 6.862 seconds (JVM running for 8.155)
2020-08-27 18:44:37.997  [ExecutorConfigurationSupport.java:218] INFO  o.s.scheduling.concurrent.ThreadPoolTaskScheduler - Shutting down ExecutorService 'Nacso-Watch-Task-Scheduler'
2020-08-27 18:44:38.001  [ExecutorConfigurationSupport.java:218] INFO  o.s.scheduling.concurrent.ThreadPoolTaskExecutor - Shutting down ExecutorService 'applicationTaskExecutor'
2020-08-27 18:50:04.720  [SpringApplication.java:651] INFO  com.gxhh.cloudclient.CloudClientApplicationTests - No active profile set, falling back to default profiles: default
2020-08-27 18:50:05.489  [Logger.java:44] WARN  org.mybatis.spring.mapper.ClassPathMapperScanner - No MyBatis mapper was found in '[com.gxhh.cloudclient]' package. Please check your configuration.
2020-08-27 18:50:05.657  [GenericScope.java:295] INFO  o.springframework.cloud.context.scope.GenericScope - BeanFactory id=2b9258b8-67ab-37ce-8843-0570c674e62e
2020-08-27 18:50:05.723  [PostProcessorRegistrationDelegate.java:335] INFO  o.s.c.s.PostProcessorRegistrationDelegate$BeanPostProcessorChecker - Bean 'com.gxhh.cloudclient.service.UserService' of type [org.springframework.cloud.openfeign.FeignClientFactoryBean] is not eligible for getting processed by all BeanPostProcessors (for example: not eligible for auto-proxying)
2020-08-27 18:50:07.248  [URLConfigurationSource.java:121] WARN  com.netflix.config.sources.URLConfigurationSource - No URLs will be polled as dynamic configuration sources.
2020-08-27 18:50:07.249  [URLConfigurationSource.java:122] INFO  com.netflix.config.sources.URLConfigurationSource - To enable URLs as dynamic configuration sources, define System property archaius.configurationSource.additionalUrls or make config.properties available on classpath.
2020-08-27 18:50:07.260  [URLConfigurationSource.java:121] WARN  com.netflix.config.sources.URLConfigurationSource - No URLs will be polled as dynamic configuration sources.
2020-08-27 18:50:07.260  [URLConfigurationSource.java:122] INFO  com.netflix.config.sources.URLConfigurationSource - To enable URLs as dynamic configuration sources, define System property archaius.configurationSource.additionalUrls or make config.properties available on classpath.
2020-08-27 18:50:07.623  [ExecutorConfigurationSupport.java:181] INFO  o.s.scheduling.concurrent.ThreadPoolTaskExecutor - Initializing ExecutorService 'applicationTaskExecutor'
2020-08-27 18:50:07.949  [ExecutorConfigurationSupport.java:181] INFO  o.s.scheduling.concurrent.ThreadPoolTaskScheduler - Initializing ExecutorService 'Nacso-Watch-Task-Scheduler'
2020-08-27 18:50:08.801  [StartupInfoLogger.java:61] INFO  com.gxhh.cloudclient.CloudClientApplicationTests - Started CloudClientApplicationTests in 6.229 seconds (JVM running for 7.555)
2020-08-27 18:50:09.165  [ExecutorConfigurationSupport.java:218] INFO  o.s.scheduling.concurrent.ThreadPoolTaskScheduler - Shutting down ExecutorService 'Nacso-Watch-Task-Scheduler'
2020-08-27 18:50:09.168  [ExecutorConfigurationSupport.java:218] INFO  o.s.scheduling.concurrent.ThreadPoolTaskExecutor - Shutting down ExecutorService 'applicationTaskExecutor'
